{"C:\\Users\\shash\\Documents\\Fourth Year\\DSAWebsite\\backend\\src\\services\\dynamicalgo.service.ts": {"path":"C:\\Users\\shash\\Documents\\Fourth Year\\DSAWebsite\\backend\\src\\services\\dynamicalgo.service.ts","statementMap":{"0":{"start":{"line":4,"column":13},"end":{"line":4,"column":40}},"1":{"start":{"line":8,"column":4},"end":{"line":9,"column":null}},"2":{"start":{"line":9,"column":6},"end":{"line":9,"column":null}},"3":{"start":{"line":12,"column":4},"end":{"line":14,"column":null}},"4":{"start":{"line":16,"column":4},"end":{"line":16,"column":null}},"5":{"start":{"line":20,"column":4},"end":{"line":21,"column":null}},"6":{"start":{"line":21,"column":6},"end":{"line":21,"column":null}},"7":{"start":{"line":24,"column":4},"end":{"line":27,"column":null}},"8":{"start":{"line":29,"column":4},"end":{"line":29,"column":null}},"9":{"start":{"line":33,"column":4},"end":{"line":34,"column":null}},"10":{"start":{"line":34,"column":6},"end":{"line":34,"column":null}},"11":{"start":{"line":37,"column":4},"end":{"line":40,"column":null}},"12":{"start":{"line":42,"column":4},"end":{"line":42,"column":null}}},"fnMap":{"0":{"name":"(anonymous_0)","decl":{"start":{"line":7,"column":2},"end":{"line":7,"column":12}},"loc":{"start":{"line":7,"column":23},"end":{"line":16,"column":null}},"line":7},"1":{"name":"(anonymous_1)","decl":{"start":{"line":19,"column":2},"end":{"line":19,"column":13}},"loc":{"start":{"line":19,"column":46},"end":{"line":29,"column":null}},"line":19},"2":{"name":"(anonymous_2)","decl":{"start":{"line":32,"column":2},"end":{"line":32,"column":6}},"loc":{"start":{"line":32,"column":30},"end":{"line":42,"column":null}},"line":32}},"branchMap":{"0":{"loc":{"start":{"line":8,"column":4},"end":{"line":9,"column":null}},"type":"if","locations":[{"start":{"line":8,"column":4},"end":{"line":9,"column":null}},{"start":{},"end":{}}],"line":8},"1":{"loc":{"start":{"line":8,"column":8},"end":{"line":8,"column":50}},"type":"binary-expr","locations":[{"start":{"line":8,"column":8},"end":{"line":8,"column":33}},{"start":{"line":8,"column":33},"end":{"line":8,"column":42}},{"start":{"line":8,"column":42},"end":{"line":8,"column":50}}],"line":8},"2":{"loc":{"start":{"line":20,"column":4},"end":{"line":21,"column":null}},"type":"if","locations":[{"start":{"line":20,"column":4},"end":{"line":21,"column":null}},{"start":{},"end":{}}],"line":20},"3":{"loc":{"start":{"line":20,"column":8},"end":{"line":20,"column":75}},"type":"binary-expr","locations":[{"start":{"line":20,"column":8},"end":{"line":20,"column":29}},{"start":{"line":20,"column":33},"end":{"line":20,"column":63}},{"start":{"line":20,"column":63},"end":{"line":20,"column":75}}],"line":20},"4":{"loc":{"start":{"line":33,"column":4},"end":{"line":34,"column":null}},"type":"if","locations":[{"start":{"line":33,"column":4},"end":{"line":34,"column":null}},{"start":{},"end":{}}],"line":33},"5":{"loc":{"start":{"line":33,"column":8},"end":{"line":33,"column":58}},"type":"binary-expr","locations":[{"start":{"line":33,"column":8},"end":{"line":33,"column":34}},{"start":{"line":33,"column":34},"end":{"line":33,"column":58}}],"line":33}},"s":{"0":1,"1":2,"2":1,"3":1,"4":1,"5":1,"6":0,"7":1,"8":1,"9":1,"10":0,"11":1,"12":1},"f":{"0":2,"1":1,"2":1},"b":{"0":[1,1],"1":[2,2,2],"2":[0,1],"3":[1,1,1],"4":[0,1],"5":[1,1]},"meta":{"lastBranch":6,"lastFunction":3,"lastStatement":13,"seen":{"s:4:13:4:40":0,"f:7:2:7:12":0,"b:8:4:9:Infinity:undefined:undefined:undefined:undefined":0,"s:8:4:9:Infinity":1,"b:8:8:8:33:8:33:8:42:8:42:8:50":1,"s:9:6:9:Infinity":2,"s:12:4:14:Infinity":3,"s:16:4:16:Infinity":4,"f:19:2:19:13":1,"b:20:4:21:Infinity:undefined:undefined:undefined:undefined":2,"s:20:4:21:Infinity":5,"b:20:8:20:29:20:33:20:63:20:63:20:75":3,"s:21:6:21:Infinity":6,"s:24:4:27:Infinity":7,"s:29:4:29:Infinity":8,"f:32:2:32:6":2,"b:33:4:34:Infinity:undefined:undefined:undefined:undefined":4,"s:33:4:34:Infinity":9,"b:33:8:33:34:33:34:33:58":5,"s:34:6:34:Infinity":10,"s:37:4:40:Infinity":11,"s:42:4:42:Infinity":12}}}
,"C:\\Users\\shash\\Documents\\Fourth Year\\DSAWebsite\\backend\\src\\services\\graph.service.ts": {"path":"C:\\Users\\shash\\Documents\\Fourth Year\\DSAWebsite\\backend\\src\\services\\graph.service.ts","statementMap":{"0":{"start":{"line":5,"column":13},"end":{"line":5,"column":34}},"1":{"start":{"line":9,"column":4},"end":{"line":10,"column":null}},"2":{"start":{"line":10,"column":6},"end":{"line":10,"column":null}},"3":{"start":{"line":12,"column":4},"end":{"line":15,"column":null}},"4":{"start":{"line":13,"column":6},"end":{"line":13,"column":null}},"5":{"start":{"line":15,"column":6},"end":{"line":15,"column":null}},"6":{"start":{"line":18,"column":4},"end":{"line":18,"column":null}},"7":{"start":{"line":20,"column":4},"end":{"line":20,"column":null}},"8":{"start":{"line":24,"column":4},"end":{"line":25,"column":null}},"9":{"start":{"line":25,"column":6},"end":{"line":25,"column":null}},"10":{"start":{"line":27,"column":4},"end":{"line":30,"column":null}},"11":{"start":{"line":28,"column":6},"end":{"line":28,"column":null}},"12":{"start":{"line":30,"column":6},"end":{"line":30,"column":null}},"13":{"start":{"line":32,"column":4},"end":{"line":32,"column":null}},"14":{"start":{"line":34,"column":4},"end":{"line":34,"column":null}}},"fnMap":{"0":{"name":"(anonymous_0)","decl":{"start":{"line":8,"column":2},"end":{"line":8,"column":6}},"loc":{"start":{"line":8,"column":72},"end":{"line":20,"column":null}},"line":8},"1":{"name":"(anonymous_1)","decl":{"start":{"line":23,"column":2},"end":{"line":23,"column":6}},"loc":{"start":{"line":23,"column":72},"end":{"line":34,"column":null}},"line":23}},"branchMap":{"0":{"loc":{"start":{"line":9,"column":4},"end":{"line":10,"column":null}},"type":"if","locations":[{"start":{"line":9,"column":4},"end":{"line":10,"column":null}},{"start":{},"end":{}}],"line":9},"1":{"loc":{"start":{"line":9,"column":8},"end":{"line":9,"column":95}},"type":"binary-expr","locations":[{"start":{"line":9,"column":8},"end":{"line":9,"column":20}},{"start":{"line":9,"column":20},"end":{"line":9,"column":51}},{"start":{"line":9,"column":51},"end":{"line":9,"column":73}},{"start":{"line":9,"column":73},"end":{"line":9,"column":95}}],"line":9},"2":{"loc":{"start":{"line":12,"column":4},"end":{"line":15,"column":null}},"type":"if","locations":[{"start":{"line":12,"column":4},"end":{"line":15,"column":null}},{"start":{},"end":{}}],"line":12},"3":{"loc":{"start":{"line":24,"column":4},"end":{"line":25,"column":null}},"type":"if","locations":[{"start":{"line":24,"column":4},"end":{"line":25,"column":null}},{"start":{},"end":{}}],"line":24},"4":{"loc":{"start":{"line":24,"column":8},"end":{"line":24,"column":95}},"type":"binary-expr","locations":[{"start":{"line":24,"column":8},"end":{"line":24,"column":20}},{"start":{"line":24,"column":20},"end":{"line":24,"column":51}},{"start":{"line":24,"column":51},"end":{"line":24,"column":73}},{"start":{"line":24,"column":73},"end":{"line":24,"column":95}}],"line":24},"5":{"loc":{"start":{"line":27,"column":4},"end":{"line":30,"column":null}},"type":"if","locations":[{"start":{"line":27,"column":4},"end":{"line":30,"column":null}},{"start":{},"end":{}}],"line":27}},"s":{"0":1,"1":2,"2":0,"3":2,"4":1,"5":1,"6":1,"7":1,"8":2,"9":1,"10":1,"11":0,"12":0,"13":1,"14":1},"f":{"0":2,"1":2},"b":{"0":[0,2],"1":[2,2,2,2],"2":[1,1],"3":[1,1],"4":[2,1,1,1],"5":[0,1]},"meta":{"lastBranch":6,"lastFunction":2,"lastStatement":15,"seen":{"s:5:13:5:34":0,"f:8:2:8:6":0,"b:9:4:10:Infinity:undefined:undefined:undefined:undefined":0,"s:9:4:10:Infinity":1,"b:9:8:9:20:9:20:9:51:9:51:9:73:9:73:9:95":1,"s:10:6:10:Infinity":2,"b:12:4:15:Infinity:undefined:undefined:undefined:undefined":2,"s:12:4:15:Infinity":3,"s:13:6:13:Infinity":4,"s:15:6:15:Infinity":5,"s:18:4:18:Infinity":6,"s:20:4:20:Infinity":7,"f:23:2:23:6":1,"b:24:4:25:Infinity:undefined:undefined:undefined:undefined":3,"s:24:4:25:Infinity":8,"b:24:8:24:20:24:20:24:51:24:51:24:73:24:73:24:95":4,"s:25:6:25:Infinity":9,"b:27:4:30:Infinity:undefined:undefined:undefined:undefined":5,"s:27:4:30:Infinity":10,"s:28:6:28:Infinity":11,"s:30:6:30:Infinity":12,"s:32:4:32:Infinity":13,"s:34:4:34:Infinity":14}}}
,"C:\\Users\\shash\\Documents\\Fourth Year\\DSAWebsite\\backend\\src\\services\\linkedlist.service.ts": {"path":"C:\\Users\\shash\\Documents\\Fourth Year\\DSAWebsite\\backend\\src\\services\\linkedlist.service.ts","statementMap":{"0":{"start":{"line":4,"column":13},"end":{"line":4,"column":39}},"1":{"start":{"line":8,"column":18},"end":{"line":8,"column":57}},"2":{"start":{"line":10,"column":4},"end":{"line":10,"column":null}},"3":{"start":{"line":12,"column":4},"end":{"line":12,"column":null}},"4":{"start":{"line":16,"column":18},"end":{"line":16,"column":49}},"5":{"start":{"line":17,"column":4},"end":{"line":17,"column":null}},"6":{"start":{"line":18,"column":4},"end":{"line":18,"column":null}},"7":{"start":{"line":22,"column":18},"end":{"line":22,"column":42}},"8":{"start":{"line":23,"column":4},"end":{"line":23,"column":null}},"9":{"start":{"line":24,"column":4},"end":{"line":24,"column":null}},"10":{"start":{"line":28,"column":18},"end":{"line":28,"column":57}},"11":{"start":{"line":29,"column":4},"end":{"line":29,"column":null}},"12":{"start":{"line":30,"column":4},"end":{"line":30,"column":null}},"13":{"start":{"line":34,"column":18},"end":{"line":34,"column":49}},"14":{"start":{"line":35,"column":4},"end":{"line":35,"column":null}},"15":{"start":{"line":36,"column":4},"end":{"line":36,"column":null}},"16":{"start":{"line":40,"column":18},"end":{"line":40,"column":42}},"17":{"start":{"line":41,"column":4},"end":{"line":41,"column":null}},"18":{"start":{"line":42,"column":4},"end":{"line":42,"column":null}}},"fnMap":{"0":{"name":"(anonymous_0)","decl":{"start":{"line":7,"column":2},"end":{"line":7,"column":18}},"loc":{"start":{"line":7,"column":63},"end":{"line":12,"column":null}},"line":7},"1":{"name":"(anonymous_1)","decl":{"start":{"line":15,"column":2},"end":{"line":15,"column":17}},"loc":{"start":{"line":15,"column":47},"end":{"line":18,"column":null}},"line":15},"2":{"name":"(anonymous_2)","decl":{"start":{"line":21,"column":2},"end":{"line":21,"column":17}},"loc":{"start":{"line":21,"column":32},"end":{"line":24,"column":null}},"line":21},"3":{"name":"(anonymous_3)","decl":{"start":{"line":27,"column":2},"end":{"line":27,"column":18}},"loc":{"start":{"line":27,"column":63},"end":{"line":30,"column":null}},"line":27},"4":{"name":"(anonymous_4)","decl":{"start":{"line":33,"column":2},"end":{"line":33,"column":17}},"loc":{"start":{"line":33,"column":47},"end":{"line":36,"column":null}},"line":33},"5":{"name":"(anonymous_5)","decl":{"start":{"line":39,"column":2},"end":{"line":39,"column":17}},"loc":{"start":{"line":39,"column":32},"end":{"line":42,"column":null}},"line":39}},"branchMap":{},"s":{"0":1,"1":1,"2":1,"3":1,"4":1,"5":1,"6":1,"7":1,"8":1,"9":1,"10":1,"11":1,"12":1,"13":1,"14":1,"15":1,"16":1,"17":1,"18":1},"f":{"0":1,"1":1,"2":1,"3":1,"4":1,"5":1},"b":{},"meta":{"lastBranch":0,"lastFunction":6,"lastStatement":19,"seen":{"s:4:13:4:39":0,"f:7:2:7:18":0,"s:8:18:8:57":1,"s:10:4:10:Infinity":2,"s:12:4:12:Infinity":3,"f:15:2:15:17":1,"s:16:18:16:49":4,"s:17:4:17:Infinity":5,"s:18:4:18:Infinity":6,"f:21:2:21:17":2,"s:22:18:22:42":7,"s:23:4:23:Infinity":8,"s:24:4:24:Infinity":9,"f:27:2:27:18":3,"s:28:18:28:57":10,"s:29:4:29:Infinity":11,"s:30:4:30:Infinity":12,"f:33:2:33:17":4,"s:34:18:34:49":13,"s:35:4:35:Infinity":14,"s:36:4:36:Infinity":15,"f:39:2:39:17":5,"s:40:18:40:42":16,"s:41:4:41:Infinity":17,"s:42:4:42:Infinity":18}}}
,"C:\\Users\\shash\\Documents\\Fourth Year\\DSAWebsite\\backend\\src\\services\\queue.service.ts": {"path":"C:\\Users\\shash\\Documents\\Fourth Year\\DSAWebsite\\backend\\src\\services\\queue.service.ts","statementMap":{"0":{"start":{"line":4,"column":13},"end":{"line":4,"column":34}},"1":{"start":{"line":8,"column":18},"end":{"line":8,"column":48}},"2":{"start":{"line":10,"column":4},"end":{"line":12,"column":null}},"3":{"start":{"line":14,"column":4},"end":{"line":14,"column":null}},"4":{"start":{"line":18,"column":18},"end":{"line":18,"column":50}},"5":{"start":{"line":20,"column":4},"end":{"line":22,"column":null}},"6":{"start":{"line":24,"column":4},"end":{"line":24,"column":null}}},"fnMap":{"0":{"name":"(anonymous_0)","decl":{"start":{"line":7,"column":2},"end":{"line":7,"column":10}},"loc":{"start":{"line":7,"column":48},"end":{"line":14,"column":null}},"line":7},"1":{"name":"(anonymous_1)","decl":{"start":{"line":17,"column":2},"end":{"line":17,"column":10}},"loc":{"start":{"line":17,"column":50},"end":{"line":24,"column":null}},"line":17}},"branchMap":{},"s":{"0":1,"1":1,"2":1,"3":1,"4":1,"5":1,"6":1},"f":{"0":1,"1":1},"b":{},"meta":{"lastBranch":0,"lastFunction":2,"lastStatement":7,"seen":{"s:4:13:4:34":0,"f:7:2:7:10":0,"s:8:18:8:48":1,"s:10:4:12:Infinity":2,"s:14:4:14:Infinity":3,"f:17:2:17:10":1,"s:18:18:18:50":4,"s:20:4:22:Infinity":5,"s:24:4:24:Infinity":6}}}
,"C:\\Users\\shash\\Documents\\Fourth Year\\DSAWebsite\\backend\\src\\services\\searching.service.ts": {"path":"C:\\Users\\shash\\Documents\\Fourth Year\\DSAWebsite\\backend\\src\\services\\searching.service.ts","statementMap":{"0":{"start":{"line":4,"column":13},"end":{"line":4,"column":38}},"1":{"start":{"line":8,"column":26},"end":{"line":8,"column":41}},"2":{"start":{"line":9,"column":18},"end":{"line":9,"column":45}},"3":{"start":{"line":11,"column":4},"end":{"line":11,"column":null}},"4":{"start":{"line":13,"column":4},"end":{"line":13,"column":null}},"5":{"start":{"line":17,"column":26},"end":{"line":17,"column":41}},"6":{"start":{"line":18,"column":18},"end":{"line":18,"column":45}},"7":{"start":{"line":20,"column":4},"end":{"line":20,"column":null}},"8":{"start":{"line":22,"column":4},"end":{"line":22,"column":null}}},"fnMap":{"0":{"name":"(anonymous_0)","decl":{"start":{"line":7,"column":2},"end":{"line":7,"column":15}},"loc":{"start":{"line":7,"column":41},"end":{"line":13,"column":null}},"line":7},"1":{"name":"(anonymous_1)","decl":{"start":{"line":16,"column":2},"end":{"line":16,"column":15}},"loc":{"start":{"line":16,"column":41},"end":{"line":22,"column":null}},"line":16}},"branchMap":{},"s":{"0":1,"1":2,"2":2,"3":2,"4":2,"5":2,"6":2,"7":2,"8":2},"f":{"0":2,"1":2},"b":{},"meta":{"lastBranch":0,"lastFunction":2,"lastStatement":9,"seen":{"s:4:13:4:38":0,"f:7:2:7:15":0,"s:8:26:8:41":1,"s:9:18:9:45":2,"s:11:4:11:Infinity":3,"s:13:4:13:Infinity":4,"f:16:2:16:15":1,"s:17:26:17:41":5,"s:18:18:18:45":6,"s:20:4:20:Infinity":7,"s:22:4:22:Infinity":8}}}
,"C:\\Users\\shash\\Documents\\Fourth Year\\DSAWebsite\\backend\\src\\services\\sheets.service.ts": {"path":"C:\\Users\\shash\\Documents\\Fourth Year\\DSAWebsite\\backend\\src\\services\\sheets.service.ts","statementMap":{"0":{"start":{"line":4,"column":13},"end":{"line":4,"column":35}},"1":{"start":{"line":8,"column":37},"end":{"line":8,"column":null}},"2":{"start":{"line":9,"column":4},"end":{"line":10,"column":null}},"3":{"start":{"line":10,"column":6},"end":{"line":10,"column":null}},"4":{"start":{"line":12,"column":4},"end":{"line":12,"column":null}}},"fnMap":{"0":{"name":"(anonymous_0)","decl":{"start":{"line":7,"column":8},"end":{"line":7,"column":19}},"loc":{"start":{"line":7,"column":58},"end":{"line":12,"column":null}},"line":7}},"branchMap":{"0":{"loc":{"start":{"line":9,"column":4},"end":{"line":10,"column":null}},"type":"if","locations":[{"start":{"line":9,"column":4},"end":{"line":10,"column":null}},{"start":{},"end":{}}],"line":9},"1":{"loc":{"start":{"line":9,"column":8},"end":{"line":9,"column":37}},"type":"binary-expr","locations":[{"start":{"line":9,"column":8},"end":{"line":9,"column":17}},{"start":{"line":9,"column":17},"end":{"line":9,"column":27}},{"start":{"line":9,"column":27},"end":{"line":9,"column":37}}],"line":9}},"s":{"0":0,"1":0,"2":0,"3":0,"4":0},"f":{"0":0},"b":{"0":[0,0],"1":[0,0,0]},"meta":{"lastBranch":2,"lastFunction":1,"lastStatement":5,"seen":{"s:4:13:4:35":0,"f:7:8:7:19":0,"s:8:37:8:Infinity":1,"b:9:4:10:Infinity:undefined:undefined:undefined:undefined":0,"s:9:4:10:Infinity":2,"b:9:8:9:17:9:17:9:27:9:27:9:37":1,"s:10:6:10:Infinity":3,"s:12:4:12:Infinity":4}}}
,"C:\\Users\\shash\\Documents\\Fourth Year\\DSAWebsite\\backend\\src\\services\\shortestpath.service.ts": {"path":"C:\\Users\\shash\\Documents\\Fourth Year\\DSAWebsite\\backend\\src\\services\\shortestpath.service.ts","statementMap":{"0":{"start":{"line":5,"column":13},"end":{"line":5,"column":41}},"1":{"start":{"line":9,"column":4},"end":{"line":11,"column":null}},"2":{"start":{"line":10,"column":6},"end":{"line":10,"column":null}},"3":{"start":{"line":11,"column":6},"end":{"line":11,"column":null}},"4":{"start":{"line":14,"column":33},"end":{"line":14,"column":null}},"5":{"start":{"line":16,"column":4},"end":{"line":18,"column":null}},"6":{"start":{"line":17,"column":6},"end":{"line":17,"column":null}},"7":{"start":{"line":18,"column":6},"end":{"line":18,"column":null}},"8":{"start":{"line":21,"column":18},"end":{"line":21,"column":48}},"9":{"start":{"line":22,"column":4},"end":{"line":22,"column":null}},"10":{"start":{"line":23,"column":4},"end":{"line":23,"column":null}},"11":{"start":{"line":32,"column":4},"end":{"line":34,"column":null}},"12":{"start":{"line":33,"column":6},"end":{"line":33,"column":null}},"13":{"start":{"line":34,"column":6},"end":{"line":34,"column":null}},"14":{"start":{"line":37,"column":33},"end":{"line":37,"column":null}},"15":{"start":{"line":39,"column":6},"end":{"line":41,"column":28}},"16":{"start":{"line":43,"column":4},"end":{"line":45,"column":null}},"17":{"start":{"line":44,"column":6},"end":{"line":44,"column":null}},"18":{"start":{"line":45,"column":6},"end":{"line":45,"column":null}},"19":{"start":{"line":48,"column":18},"end":{"line":48,"column":56}},"20":{"start":{"line":49,"column":4},"end":{"line":49,"column":null}},"21":{"start":{"line":50,"column":4},"end":{"line":50,"column":null}}},"fnMap":{"0":{"name":"(anonymous_0)","decl":{"start":{"line":8,"column":2},"end":{"line":8,"column":11}},"loc":{"start":{"line":8,"column":73},"end":{"line":23,"column":null}},"line":8},"1":{"name":"(anonymous_1)","decl":{"start":{"line":26,"column":2},"end":{"line":26,"column":null}},"loc":{"start":{"line":31,"column":4},"end":{"line":50,"column":null}},"line":31}},"branchMap":{"0":{"loc":{"start":{"line":9,"column":4},"end":{"line":11,"column":null}},"type":"if","locations":[{"start":{"line":9,"column":4},"end":{"line":11,"column":null}},{"start":{},"end":{}}],"line":9},"1":{"loc":{"start":{"line":9,"column":8},"end":{"line":9,"column":35}},"type":"binary-expr","locations":[{"start":{"line":9,"column":8},"end":{"line":9,"column":19}},{"start":{"line":9,"column":19},"end":{"line":9,"column":29}},{"start":{"line":9,"column":29},"end":{"line":9,"column":35}}],"line":9},"2":{"loc":{"start":{"line":14,"column":33},"end":{"line":14,"column":null}},"type":"cond-expr","locations":[{"start":{"line":14,"column":62},"end":{"line":14,"column":80}},{"start":{"line":14,"column":83},"end":{"line":14,"column":null}}],"line":14},"3":{"loc":{"start":{"line":16,"column":4},"end":{"line":18,"column":null}},"type":"if","locations":[{"start":{"line":16,"column":4},"end":{"line":18,"column":null}},{"start":{},"end":{}}],"line":16},"4":{"loc":{"start":{"line":16,"column":8},"end":{"line":16,"column":34}},"type":"binary-expr","locations":[{"start":{"line":16,"column":8},"end":{"line":16,"column":23}},{"start":{"line":16,"column":23},"end":{"line":16,"column":34}}],"line":16},"5":{"loc":{"start":{"line":32,"column":4},"end":{"line":34,"column":null}},"type":"if","locations":[{"start":{"line":32,"column":4},"end":{"line":34,"column":null}},{"start":{},"end":{}}],"line":32},"6":{"loc":{"start":{"line":32,"column":8},"end":{"line":32,"column":35}},"type":"binary-expr","locations":[{"start":{"line":32,"column":8},"end":{"line":32,"column":19}},{"start":{"line":32,"column":19},"end":{"line":32,"column":29}},{"start":{"line":32,"column":29},"end":{"line":32,"column":35}}],"line":32},"7":{"loc":{"start":{"line":37,"column":33},"end":{"line":37,"column":null}},"type":"cond-expr","locations":[{"start":{"line":37,"column":62},"end":{"line":37,"column":80}},{"start":{"line":37,"column":83},"end":{"line":37,"column":null}}],"line":37},"8":{"loc":{"start":{"line":39,"column":6},"end":{"line":41,"column":28}},"type":"cond-expr","locations":[{"start":{"line":40,"column":10},"end":{"line":40,"column":34}},{"start":{"line":41,"column":10},"end":{"line":41,"column":28}}],"line":39},"9":{"loc":{"start":{"line":41,"column":10},"end":{"line":41,"column":28}},"type":"binary-expr","locations":[{"start":{"line":41,"column":10},"end":{"line":41,"column":26}},{"start":{"line":41,"column":26},"end":{"line":41,"column":28}}],"line":41},"10":{"loc":{"start":{"line":43,"column":4},"end":{"line":45,"column":null}},"type":"if","locations":[{"start":{"line":43,"column":4},"end":{"line":45,"column":null}},{"start":{},"end":{}}],"line":43},"11":{"loc":{"start":{"line":43,"column":8},"end":{"line":43,"column":34}},"type":"binary-expr","locations":[{"start":{"line":43,"column":8},"end":{"line":43,"column":23}},{"start":{"line":43,"column":23},"end":{"line":43,"column":34}}],"line":43}},"s":{"0":1,"1":4,"2":1,"3":1,"4":3,"5":4,"6":1,"7":1,"8":2,"9":2,"10":2,"11":3,"12":0,"13":0,"14":3,"15":3,"16":3,"17":0,"18":0,"19":2,"20":2,"21":2},"f":{"0":4,"1":3},"b":{"0":[1,3],"1":[4,3,3],"2":[1,2],"3":[1,3],"4":[4,2],"5":[0,3],"6":[3,3,3],"7":[2,1],"8":[1,1],"9":[1,1],"10":[0,3],"11":[3,2]},"meta":{"lastBranch":12,"lastFunction":2,"lastStatement":22,"seen":{"s:5:13:5:41":0,"f:8:2:8:11":0,"b:9:4:11:Infinity:undefined:undefined:undefined:undefined":0,"s:9:4:11:Infinity":1,"b:9:8:9:19:9:19:9:29:9:29:9:35":1,"s:10:6:10:Infinity":2,"s:11:6:11:Infinity":3,"s:14:33:14:Infinity":4,"b:14:62:14:80:14:83:14:Infinity":2,"b:16:4:18:Infinity:undefined:undefined:undefined:undefined":3,"s:16:4:18:Infinity":5,"b:16:8:16:23:16:23:16:34":4,"s:17:6:17:Infinity":6,"s:18:6:18:Infinity":7,"s:21:18:21:48":8,"s:22:4:22:Infinity":9,"s:23:4:23:Infinity":10,"f:26:2:26:Infinity":1,"b:32:4:34:Infinity:undefined:undefined:undefined:undefined":5,"s:32:4:34:Infinity":11,"b:32:8:32:19:32:19:32:29:32:29:32:35":6,"s:33:6:33:Infinity":12,"s:34:6:34:Infinity":13,"s:37:33:37:Infinity":14,"b:37:62:37:80:37:83:37:Infinity":7,"s:39:6:41:28":15,"b:40:10:40:34:41:10:41:28":8,"b:41:10:41:26:41:26:41:28":9,"b:43:4:45:Infinity:undefined:undefined:undefined:undefined":10,"s:43:4:45:Infinity":16,"b:43:8:43:23:43:23:43:34":11,"s:44:6:44:Infinity":17,"s:45:6:45:Infinity":18,"s:48:18:48:56":19,"s:49:4:49:Infinity":20,"s:50:4:50:Infinity":21}}}
,"C:\\Users\\shash\\Documents\\Fourth Year\\DSAWebsite\\backend\\src\\services\\sorting.service.ts": {"path":"C:\\Users\\shash\\Documents\\Fourth Year\\DSAWebsite\\backend\\src\\services\\sorting.service.ts","statementMap":{"0":{"start":{"line":4,"column":13},"end":{"line":4,"column":36}},"1":{"start":{"line":8,"column":4},"end":{"line":14,"column":null}},"2":{"start":{"line":9,"column":28},"end":{"line":9,"column":43}},"3":{"start":{"line":10,"column":6},"end":{"line":10,"column":null}},"4":{"start":{"line":10,"column":31},"end":{"line":10,"column":null}},"5":{"start":{"line":11,"column":6},"end":{"line":11,"column":null}},"6":{"start":{"line":13,"column":6},"end":{"line":13,"column":null}},"7":{"start":{"line":14,"column":6},"end":{"line":14,"column":null}},"8":{"start":{"line":19,"column":16},"end":{"line":19,"column":51}},"9":{"start":{"line":20,"column":18},"end":{"line":20,"column":38}},"10":{"start":{"line":21,"column":4},"end":{"line":21,"column":null}},"11":{"start":{"line":22,"column":4},"end":{"line":22,"column":null}},"12":{"start":{"line":26,"column":16},"end":{"line":26,"column":54}},"13":{"start":{"line":27,"column":18},"end":{"line":27,"column":41}},"14":{"start":{"line":28,"column":4},"end":{"line":28,"column":null}},"15":{"start":{"line":29,"column":4},"end":{"line":29,"column":null}},"16":{"start":{"line":33,"column":16},"end":{"line":33,"column":54}},"17":{"start":{"line":34,"column":18},"end":{"line":34,"column":41}},"18":{"start":{"line":35,"column":4},"end":{"line":35,"column":null}},"19":{"start":{"line":36,"column":4},"end":{"line":36,"column":null}},"20":{"start":{"line":40,"column":16},"end":{"line":40,"column":50}},"21":{"start":{"line":41,"column":18},"end":{"line":41,"column":37}},"22":{"start":{"line":42,"column":4},"end":{"line":42,"column":null}},"23":{"start":{"line":43,"column":4},"end":{"line":43,"column":null}},"24":{"start":{"line":47,"column":16},"end":{"line":47,"column":50}},"25":{"start":{"line":48,"column":18},"end":{"line":48,"column":37}},"26":{"start":{"line":49,"column":4},"end":{"line":49,"column":null}},"27":{"start":{"line":50,"column":4},"end":{"line":50,"column":null}},"28":{"start":{"line":54,"column":16},"end":{"line":54,"column":49}},"29":{"start":{"line":55,"column":18},"end":{"line":55,"column":36}},"30":{"start":{"line":56,"column":4},"end":{"line":56,"column":null}},"31":{"start":{"line":57,"column":4},"end":{"line":57,"column":null}}},"fnMap":{"0":{"name":"(anonymous_0)","decl":{"start":{"line":7,"column":2},"end":{"line":7,"column":10}},"loc":{"start":{"line":7,"column":49},"end":{"line":14,"column":null}},"line":7},"1":{"name":"(anonymous_1)","decl":{"start":{"line":18,"column":2},"end":{"line":18,"column":13}},"loc":{"start":{"line":18,"column":26},"end":{"line":22,"column":null}},"line":18},"2":{"name":"(anonymous_2)","decl":{"start":{"line":25,"column":2},"end":{"line":25,"column":16}},"loc":{"start":{"line":25,"column":29},"end":{"line":29,"column":null}},"line":25},"3":{"name":"(anonymous_3)","decl":{"start":{"line":32,"column":2},"end":{"line":32,"column":16}},"loc":{"start":{"line":32,"column":29},"end":{"line":36,"column":null}},"line":32},"4":{"name":"(anonymous_4)","decl":{"start":{"line":39,"column":2},"end":{"line":39,"column":12}},"loc":{"start":{"line":39,"column":25},"end":{"line":43,"column":null}},"line":39},"5":{"name":"(anonymous_5)","decl":{"start":{"line":46,"column":2},"end":{"line":46,"column":12}},"loc":{"start":{"line":46,"column":25},"end":{"line":50,"column":null}},"line":46},"6":{"name":"(anonymous_6)","decl":{"start":{"line":53,"column":2},"end":{"line":53,"column":11}},"loc":{"start":{"line":53,"column":24},"end":{"line":57,"column":null}},"line":53}},"branchMap":{"0":{"loc":{"start":{"line":10,"column":6},"end":{"line":10,"column":null}},"type":"if","locations":[{"start":{"line":10,"column":6},"end":{"line":10,"column":null}},{"start":{},"end":{}}],"line":10}},"s":{"0":1,"1":12,"2":12,"3":12,"4":0,"5":6,"6":6,"7":6,"8":2,"9":2,"10":2,"11":2,"12":2,"13":2,"14":2,"15":2,"16":2,"17":2,"18":2,"19":2,"20":2,"21":2,"22":2,"23":2,"24":2,"25":2,"26":2,"27":2,"28":2,"29":2,"30":2,"31":2},"f":{"0":12,"1":2,"2":2,"3":2,"4":2,"5":2,"6":2},"b":{"0":[0,12]},"meta":{"lastBranch":1,"lastFunction":7,"lastStatement":32,"seen":{"s:4:13:4:36":0,"f:7:2:7:10":0,"s:8:4:14:Infinity":1,"s:9:28:9:43":2,"b:10:6:10:Infinity:undefined:undefined:undefined:undefined":0,"s:10:6:10:Infinity":3,"s:10:31:10:Infinity":4,"s:11:6:11:Infinity":5,"s:13:6:13:Infinity":6,"s:14:6:14:Infinity":7,"f:18:2:18:13":1,"s:19:16:19:51":8,"s:20:18:20:38":9,"s:21:4:21:Infinity":10,"s:22:4:22:Infinity":11,"f:25:2:25:16":2,"s:26:16:26:54":12,"s:27:18:27:41":13,"s:28:4:28:Infinity":14,"s:29:4:29:Infinity":15,"f:32:2:32:16":3,"s:33:16:33:54":16,"s:34:18:34:41":17,"s:35:4:35:Infinity":18,"s:36:4:36:Infinity":19,"f:39:2:39:12":4,"s:40:16:40:50":20,"s:41:18:41:37":21,"s:42:4:42:Infinity":22,"s:43:4:43:Infinity":23,"f:46:2:46:12":5,"s:47:16:47:50":24,"s:48:18:48:37":25,"s:49:4:49:Infinity":26,"s:50:4:50:Infinity":27,"f:53:2:53:11":6,"s:54:16:54:49":28,"s:55:18:55:36":29,"s:56:4:56:Infinity":30,"s:57:4:57:Infinity":31}}}
,"C:\\Users\\shash\\Documents\\Fourth Year\\DSAWebsite\\backend\\src\\services\\stack.service.ts": {"path":"C:\\Users\\shash\\Documents\\Fourth Year\\DSAWebsite\\backend\\src\\services\\stack.service.ts","statementMap":{"0":{"start":{"line":4,"column":13},"end":{"line":4,"column":34}},"1":{"start":{"line":8,"column":18},"end":{"line":8,"column":42}},"2":{"start":{"line":9,"column":4},"end":{"line":9,"column":null}},"3":{"start":{"line":10,"column":4},"end":{"line":10,"column":null}},"4":{"start":{"line":14,"column":4},"end":{"line":16,"column":null}},"5":{"start":{"line":15,"column":6},"end":{"line":15,"column":null}},"6":{"start":{"line":16,"column":6},"end":{"line":16,"column":null}},"7":{"start":{"line":19,"column":18},"end":{"line":19,"column":43}},"8":{"start":{"line":20,"column":4},"end":{"line":20,"column":null}},"9":{"start":{"line":21,"column":4},"end":{"line":21,"column":null}}},"fnMap":{"0":{"name":"(anonymous_0)","decl":{"start":{"line":7,"column":2},"end":{"line":7,"column":7}},"loc":{"start":{"line":7,"column":42},"end":{"line":10,"column":null}},"line":7},"1":{"name":"(anonymous_1)","decl":{"start":{"line":13,"column":2},"end":{"line":13,"column":6}},"loc":{"start":{"line":13,"column":41},"end":{"line":21,"column":null}},"line":13}},"branchMap":{"0":{"loc":{"start":{"line":14,"column":4},"end":{"line":16,"column":null}},"type":"if","locations":[{"start":{"line":14,"column":4},"end":{"line":16,"column":null}},{"start":{},"end":{}}],"line":14},"1":{"loc":{"start":{"line":14,"column":8},"end":{"line":14,"column":63}},"type":"binary-expr","locations":[{"start":{"line":14,"column":8},"end":{"line":14,"column":29}},{"start":{"line":14,"column":33},"end":{"line":14,"column":63}}],"line":14}},"s":{"0":1,"1":1,"2":1,"3":1,"4":2,"5":1,"6":1,"7":1,"8":1,"9":1},"f":{"0":1,"1":2},"b":{"0":[1,1],"1":[2,1]},"meta":{"lastBranch":2,"lastFunction":2,"lastStatement":10,"seen":{"s:4:13:4:34":0,"f:7:2:7:7":0,"s:8:18:8:42":1,"s:9:4:9:Infinity":2,"s:10:4:10:Infinity":3,"f:13:2:13:6":1,"b:14:4:16:Infinity:undefined:undefined:undefined:undefined":0,"s:14:4:16:Infinity":4,"b:14:8:14:29:14:33:14:63":1,"s:15:6:15:Infinity":5,"s:16:6:16:Infinity":6,"s:19:18:19:43":7,"s:20:4:20:Infinity":8,"s:21:4:21:Infinity":9}}}
,"C:\\Users\\shash\\Documents\\Fourth Year\\DSAWebsite\\backend\\src\\services\\tree.service.ts": {"path":"C:\\Users\\shash\\Documents\\Fourth Year\\DSAWebsite\\backend\\src\\services\\tree.service.ts","statementMap":{"0":{"start":{"line":5,"column":13},"end":{"line":5,"column":33}},"1":{"start":{"line":9,"column":4},"end":{"line":11,"column":null}},"2":{"start":{"line":10,"column":6},"end":{"line":10,"column":null}},"3":{"start":{"line":11,"column":6},"end":{"line":11,"column":null}},"4":{"start":{"line":16,"column":4},"end":{"line":16,"column":null}},"5":{"start":{"line":17,"column":18},"end":{"line":17,"column":50}},"6":{"start":{"line":18,"column":4},"end":{"line":18,"column":null}},"7":{"start":{"line":19,"column":4},"end":{"line":19,"column":null}},"8":{"start":{"line":23,"column":4},"end":{"line":23,"column":null}},"9":{"start":{"line":24,"column":18},"end":{"line":24,"column":51}},"10":{"start":{"line":25,"column":4},"end":{"line":25,"column":null}},"11":{"start":{"line":26,"column":4},"end":{"line":26,"column":null}},"12":{"start":{"line":30,"column":4},"end":{"line":30,"column":null}},"13":{"start":{"line":31,"column":18},"end":{"line":31,"column":52}},"14":{"start":{"line":32,"column":4},"end":{"line":32,"column":null}},"15":{"start":{"line":33,"column":4},"end":{"line":33,"column":null}}},"fnMap":{"0":{"name":"(anonymous_0)","decl":{"start":{"line":8,"column":2},"end":{"line":8,"column":10}},"loc":{"start":{"line":8,"column":61},"end":{"line":11,"column":null}},"line":8},"1":{"name":"(anonymous_1)","decl":{"start":{"line":15,"column":2},"end":{"line":15,"column":10}},"loc":{"start":{"line":15,"column":24},"end":{"line":19,"column":null}},"line":15},"2":{"name":"(anonymous_2)","decl":{"start":{"line":22,"column":2},"end":{"line":22,"column":11}},"loc":{"start":{"line":22,"column":25},"end":{"line":26,"column":null}},"line":22},"3":{"name":"(anonymous_3)","decl":{"start":{"line":29,"column":2},"end":{"line":29,"column":12}},"loc":{"start":{"line":29,"column":26},"end":{"line":33,"column":null}},"line":29}},"branchMap":{"0":{"loc":{"start":{"line":9,"column":4},"end":{"line":11,"column":null}},"type":"if","locations":[{"start":{"line":9,"column":4},"end":{"line":11,"column":null}},{"start":{},"end":{}}],"line":9},"1":{"loc":{"start":{"line":9,"column":8},"end":{"line":9,"column":41}},"type":"binary-expr","locations":[{"start":{"line":9,"column":8},"end":{"line":9,"column":16}},{"start":{"line":9,"column":16},"end":{"line":9,"column":41}}],"line":9}},"s":{"0":1,"1":6,"2":3,"3":3,"4":2,"5":2,"6":2,"7":2,"8":2,"9":2,"10":2,"11":2,"12":2,"13":2,"14":2,"15":2},"f":{"0":6,"1":2,"2":2,"3":2},"b":{"0":[3,3],"1":[6,4]},"meta":{"lastBranch":2,"lastFunction":4,"lastStatement":16,"seen":{"s:5:13:5:33":0,"f:8:2:8:10":0,"b:9:4:11:Infinity:undefined:undefined:undefined:undefined":0,"s:9:4:11:Infinity":1,"b:9:8:9:16:9:16:9:41":1,"s:10:6:10:Infinity":2,"s:11:6:11:Infinity":3,"f:15:2:15:10":1,"s:16:4:16:Infinity":4,"s:17:18:17:50":5,"s:18:4:18:Infinity":6,"s:19:4:19:Infinity":7,"f:22:2:22:11":2,"s:23:4:23:Infinity":8,"s:24:18:24:51":9,"s:25:4:25:Infinity":10,"s:26:4:26:Infinity":11,"f:29:2:29:12":3,"s:30:4:30:Infinity":12,"s:31:18:31:52":13,"s:32:4:32:Infinity":14,"s:33:4:33:Infinity":15}}}
}
