{"C:\\Users\\kanaka\\Downloads\\DSAVisualizationBackend-ts\\DSAVisualizationBackend-ts\\src\\services\\dynamicalgo.service.ts": {"path":"C:\\Users\\kanaka\\Downloads\\DSAVisualizationBackend-ts\\DSAVisualizationBackend-ts\\src\\services\\dynamicalgo.service.ts","statementMap":{"0":{"start":{"line":3,"column":13},"end":{"line":3,"column":40}},"1":{"start":{"line":7,"column":4},"end":{"line":8,"column":null}},"2":{"start":{"line":8,"column":6},"end":{"line":8,"column":null}},"3":{"start":{"line":10,"column":4},"end":{"line":10,"column":null}},"4":{"start":{"line":14,"column":4},"end":{"line":15,"column":null}},"5":{"start":{"line":15,"column":6},"end":{"line":15,"column":null}},"6":{"start":{"line":17,"column":4},"end":{"line":17,"column":null}},"7":{"start":{"line":21,"column":4},"end":{"line":22,"column":null}},"8":{"start":{"line":22,"column":6},"end":{"line":22,"column":null}},"9":{"start":{"line":24,"column":4},"end":{"line":24,"column":null}}},"fnMap":{"0":{"name":"(anonymous_0)","decl":{"start":{"line":6,"column":2},"end":{"line":6,"column":12}},"loc":{"start":{"line":6,"column":23},"end":{"line":10,"column":null}},"line":6},"1":{"name":"(anonymous_1)","decl":{"start":{"line":13,"column":2},"end":{"line":13,"column":13}},"loc":{"start":{"line":13,"column":46},"end":{"line":17,"column":null}},"line":13},"2":{"name":"(anonymous_2)","decl":{"start":{"line":20,"column":2},"end":{"line":20,"column":6}},"loc":{"start":{"line":20,"column":30},"end":{"line":24,"column":null}},"line":20}},"branchMap":{"0":{"loc":{"start":{"line":7,"column":4},"end":{"line":8,"column":null}},"type":"if","locations":[{"start":{"line":7,"column":4},"end":{"line":8,"column":null}},{"start":{},"end":{}}],"line":7},"1":{"loc":{"start":{"line":7,"column":8},"end":{"line":7,"column":50}},"type":"binary-expr","locations":[{"start":{"line":7,"column":8},"end":{"line":7,"column":33}},{"start":{"line":7,"column":33},"end":{"line":7,"column":42}},{"start":{"line":7,"column":42},"end":{"line":7,"column":50}}],"line":7},"2":{"loc":{"start":{"line":14,"column":4},"end":{"line":15,"column":null}},"type":"if","locations":[{"start":{"line":14,"column":4},"end":{"line":15,"column":null}},{"start":{},"end":{}}],"line":14},"3":{"loc":{"start":{"line":14,"column":8},"end":{"line":14,"column":75}},"type":"binary-expr","locations":[{"start":{"line":14,"column":8},"end":{"line":14,"column":29}},{"start":{"line":14,"column":33},"end":{"line":14,"column":63}},{"start":{"line":14,"column":63},"end":{"line":14,"column":75}}],"line":14},"4":{"loc":{"start":{"line":21,"column":4},"end":{"line":22,"column":null}},"type":"if","locations":[{"start":{"line":21,"column":4},"end":{"line":22,"column":null}},{"start":{},"end":{}}],"line":21},"5":{"loc":{"start":{"line":21,"column":8},"end":{"line":21,"column":58}},"type":"binary-expr","locations":[{"start":{"line":21,"column":8},"end":{"line":21,"column":34}},{"start":{"line":21,"column":34},"end":{"line":21,"column":58}}],"line":21}},"s":{"0":1,"1":2,"2":1,"3":1,"4":1,"5":0,"6":1,"7":1,"8":0,"9":1},"f":{"0":2,"1":1,"2":1},"b":{"0":[1,1],"1":[2,2,2],"2":[0,1],"3":[1,1,1],"4":[0,1],"5":[1,1]},"meta":{"lastBranch":6,"lastFunction":3,"lastStatement":10,"seen":{"s:3:13:3:40":0,"f:6:2:6:12":0,"b:7:4:8:Infinity:undefined:undefined:undefined:undefined":0,"s:7:4:8:Infinity":1,"b:7:8:7:33:7:33:7:42:7:42:7:50":1,"s:8:6:8:Infinity":2,"s:10:4:10:Infinity":3,"f:13:2:13:13":1,"b:14:4:15:Infinity:undefined:undefined:undefined:undefined":2,"s:14:4:15:Infinity":4,"b:14:8:14:29:14:33:14:63:14:63:14:75":3,"s:15:6:15:Infinity":5,"s:17:4:17:Infinity":6,"f:20:2:20:6":2,"b:21:4:22:Infinity:undefined:undefined:undefined:undefined":4,"s:21:4:22:Infinity":7,"b:21:8:21:34:21:34:21:58":5,"s:22:6:22:Infinity":8,"s:24:4:24:Infinity":9}}}
,"C:\\Users\\kanaka\\Downloads\\DSAVisualizationBackend-ts\\DSAVisualizationBackend-ts\\src\\services\\graph.service.ts": {"path":"C:\\Users\\kanaka\\Downloads\\DSAVisualizationBackend-ts\\DSAVisualizationBackend-ts\\src\\services\\graph.service.ts","statementMap":{"0":{"start":{"line":4,"column":13},"end":{"line":4,"column":34}},"1":{"start":{"line":8,"column":4},"end":{"line":9,"column":null}},"2":{"start":{"line":9,"column":6},"end":{"line":9,"column":null}},"3":{"start":{"line":11,"column":4},"end":{"line":11,"column":null}},"4":{"start":{"line":11,"column":24},"end":{"line":11,"column":null}},"5":{"start":{"line":12,"column":4},"end":{"line":12,"column":null}},"6":{"start":{"line":16,"column":4},"end":{"line":17,"column":null}},"7":{"start":{"line":17,"column":6},"end":{"line":17,"column":null}},"8":{"start":{"line":19,"column":4},"end":{"line":19,"column":null}},"9":{"start":{"line":19,"column":24},"end":{"line":19,"column":null}},"10":{"start":{"line":20,"column":4},"end":{"line":20,"column":null}}},"fnMap":{"0":{"name":"(anonymous_0)","decl":{"start":{"line":7,"column":2},"end":{"line":7,"column":6}},"loc":{"start":{"line":7,"column":72},"end":{"line":12,"column":null}},"line":7},"1":{"name":"(anonymous_1)","decl":{"start":{"line":15,"column":2},"end":{"line":15,"column":6}},"loc":{"start":{"line":15,"column":72},"end":{"line":20,"column":null}},"line":15}},"branchMap":{"0":{"loc":{"start":{"line":8,"column":4},"end":{"line":9,"column":null}},"type":"if","locations":[{"start":{"line":8,"column":4},"end":{"line":9,"column":null}},{"start":{},"end":{}}],"line":8},"1":{"loc":{"start":{"line":8,"column":8},"end":{"line":8,"column":95}},"type":"binary-expr","locations":[{"start":{"line":8,"column":8},"end":{"line":8,"column":20}},{"start":{"line":8,"column":20},"end":{"line":8,"column":51}},{"start":{"line":8,"column":51},"end":{"line":8,"column":73}},{"start":{"line":8,"column":73},"end":{"line":8,"column":95}}],"line":8},"2":{"loc":{"start":{"line":11,"column":4},"end":{"line":11,"column":null}},"type":"if","locations":[{"start":{"line":11,"column":4},"end":{"line":11,"column":null}},{"start":{},"end":{}}],"line":11},"3":{"loc":{"start":{"line":16,"column":4},"end":{"line":17,"column":null}},"type":"if","locations":[{"start":{"line":16,"column":4},"end":{"line":17,"column":null}},{"start":{},"end":{}}],"line":16},"4":{"loc":{"start":{"line":16,"column":8},"end":{"line":16,"column":95}},"type":"binary-expr","locations":[{"start":{"line":16,"column":8},"end":{"line":16,"column":20}},{"start":{"line":16,"column":20},"end":{"line":16,"column":51}},{"start":{"line":16,"column":51},"end":{"line":16,"column":73}},{"start":{"line":16,"column":73},"end":{"line":16,"column":95}}],"line":16},"5":{"loc":{"start":{"line":19,"column":4},"end":{"line":19,"column":null}},"type":"if","locations":[{"start":{"line":19,"column":4},"end":{"line":19,"column":null}},{"start":{},"end":{}}],"line":19}},"s":{"0":1,"1":2,"2":0,"3":2,"4":1,"5":1,"6":2,"7":1,"8":1,"9":0,"10":1},"f":{"0":2,"1":2},"b":{"0":[0,2],"1":[2,2,2,2],"2":[1,1],"3":[1,1],"4":[2,1,1,1],"5":[0,1]},"meta":{"lastBranch":6,"lastFunction":2,"lastStatement":11,"seen":{"s:4:13:4:34":0,"f:7:2:7:6":0,"b:8:4:9:Infinity:undefined:undefined:undefined:undefined":0,"s:8:4:9:Infinity":1,"b:8:8:8:20:8:20:8:51:8:51:8:73:8:73:8:95":1,"s:9:6:9:Infinity":2,"b:11:4:11:Infinity:undefined:undefined:undefined:undefined":2,"s:11:4:11:Infinity":3,"s:11:24:11:Infinity":4,"s:12:4:12:Infinity":5,"f:15:2:15:6":1,"b:16:4:17:Infinity:undefined:undefined:undefined:undefined":3,"s:16:4:17:Infinity":6,"b:16:8:16:20:16:20:16:51:16:51:16:73:16:73:16:95":4,"s:17:6:17:Infinity":7,"b:19:4:19:Infinity:undefined:undefined:undefined:undefined":5,"s:19:4:19:Infinity":8,"s:19:24:19:Infinity":9,"s:20:4:20:Infinity":10}}}
,"C:\\Users\\kanaka\\Downloads\\DSAVisualizationBackend-ts\\DSAVisualizationBackend-ts\\src\\services\\linkedlist.service.ts": {"path":"C:\\Users\\kanaka\\Downloads\\DSAVisualizationBackend-ts\\DSAVisualizationBackend-ts\\src\\services\\linkedlist.service.ts","statementMap":{"0":{"start":{"line":3,"column":13},"end":{"line":3,"column":39}},"1":{"start":{"line":7,"column":4},"end":{"line":7,"column":null}},"2":{"start":{"line":11,"column":4},"end":{"line":11,"column":null}},"3":{"start":{"line":15,"column":4},"end":{"line":15,"column":null}},"4":{"start":{"line":19,"column":4},"end":{"line":19,"column":null}},"5":{"start":{"line":23,"column":4},"end":{"line":23,"column":null}},"6":{"start":{"line":27,"column":4},"end":{"line":27,"column":null}}},"fnMap":{"0":{"name":"(anonymous_0)","decl":{"start":{"line":6,"column":2},"end":{"line":6,"column":18}},"loc":{"start":{"line":6,"column":63},"end":{"line":7,"column":null}},"line":6},"1":{"name":"(anonymous_1)","decl":{"start":{"line":10,"column":2},"end":{"line":10,"column":17}},"loc":{"start":{"line":10,"column":47},"end":{"line":11,"column":null}},"line":10},"2":{"name":"(anonymous_2)","decl":{"start":{"line":14,"column":2},"end":{"line":14,"column":17}},"loc":{"start":{"line":14,"column":32},"end":{"line":15,"column":null}},"line":14},"3":{"name":"(anonymous_3)","decl":{"start":{"line":18,"column":2},"end":{"line":18,"column":18}},"loc":{"start":{"line":18,"column":63},"end":{"line":19,"column":null}},"line":18},"4":{"name":"(anonymous_4)","decl":{"start":{"line":22,"column":2},"end":{"line":22,"column":17}},"loc":{"start":{"line":22,"column":47},"end":{"line":23,"column":null}},"line":22},"5":{"name":"(anonymous_5)","decl":{"start":{"line":26,"column":2},"end":{"line":26,"column":17}},"loc":{"start":{"line":26,"column":32},"end":{"line":27,"column":null}},"line":26}},"branchMap":{},"s":{"0":1,"1":1,"2":1,"3":1,"4":1,"5":1,"6":1},"f":{"0":1,"1":1,"2":1,"3":1,"4":1,"5":1},"b":{},"meta":{"lastBranch":0,"lastFunction":6,"lastStatement":7,"seen":{"s:3:13:3:39":0,"f:6:2:6:18":0,"s:7:4:7:Infinity":1,"f:10:2:10:17":1,"s:11:4:11:Infinity":2,"f:14:2:14:17":2,"s:15:4:15:Infinity":3,"f:18:2:18:18":3,"s:19:4:19:Infinity":4,"f:22:2:22:17":4,"s:23:4:23:Infinity":5,"f:26:2:26:17":5,"s:27:4:27:Infinity":6}}}
,"C:\\Users\\kanaka\\Downloads\\DSAVisualizationBackend-ts\\DSAVisualizationBackend-ts\\src\\services\\queue.service.ts": {"path":"C:\\Users\\kanaka\\Downloads\\DSAVisualizationBackend-ts\\DSAVisualizationBackend-ts\\src\\services\\queue.service.ts","statementMap":{"0":{"start":{"line":3,"column":13},"end":{"line":3,"column":34}},"1":{"start":{"line":7,"column":4},"end":{"line":7,"column":null}},"2":{"start":{"line":11,"column":4},"end":{"line":11,"column":null}}},"fnMap":{"0":{"name":"(anonymous_0)","decl":{"start":{"line":6,"column":2},"end":{"line":6,"column":10}},"loc":{"start":{"line":6,"column":48},"end":{"line":7,"column":null}},"line":6},"1":{"name":"(anonymous_1)","decl":{"start":{"line":10,"column":2},"end":{"line":10,"column":10}},"loc":{"start":{"line":10,"column":50},"end":{"line":11,"column":null}},"line":10}},"branchMap":{},"s":{"0":1,"1":1,"2":1},"f":{"0":1,"1":1},"b":{},"meta":{"lastBranch":0,"lastFunction":2,"lastStatement":3,"seen":{"s:3:13:3:34":0,"f:6:2:6:10":0,"s:7:4:7:Infinity":1,"f:10:2:10:10":1,"s:11:4:11:Infinity":2}}}
,"C:\\Users\\kanaka\\Downloads\\DSAVisualizationBackend-ts\\DSAVisualizationBackend-ts\\src\\services\\searching.service.ts": {"path":"C:\\Users\\kanaka\\Downloads\\DSAVisualizationBackend-ts\\DSAVisualizationBackend-ts\\src\\services\\searching.service.ts","statementMap":{"0":{"start":{"line":3,"column":13},"end":{"line":3,"column":38}},"1":{"start":{"line":7,"column":26},"end":{"line":7,"column":41}},"2":{"start":{"line":8,"column":4},"end":{"line":8,"column":null}},"3":{"start":{"line":12,"column":26},"end":{"line":12,"column":41}},"4":{"start":{"line":13,"column":4},"end":{"line":13,"column":null}}},"fnMap":{"0":{"name":"(anonymous_0)","decl":{"start":{"line":6,"column":2},"end":{"line":6,"column":15}},"loc":{"start":{"line":6,"column":41},"end":{"line":8,"column":null}},"line":6},"1":{"name":"(anonymous_1)","decl":{"start":{"line":11,"column":2},"end":{"line":11,"column":15}},"loc":{"start":{"line":11,"column":41},"end":{"line":13,"column":null}},"line":11}},"branchMap":{},"s":{"0":1,"1":2,"2":2,"3":2,"4":2},"f":{"0":2,"1":2},"b":{},"meta":{"lastBranch":0,"lastFunction":2,"lastStatement":5,"seen":{"s:3:13:3:38":0,"f:6:2:6:15":0,"s:7:26:7:41":1,"s:8:4:8:Infinity":2,"f:11:2:11:15":1,"s:12:26:12:41":3,"s:13:4:13:Infinity":4}}}
,"C:\\Users\\kanaka\\Downloads\\DSAVisualizationBackend-ts\\DSAVisualizationBackend-ts\\src\\services\\sheets.service.ts": {"path":"C:\\Users\\kanaka\\Downloads\\DSAVisualizationBackend-ts\\DSAVisualizationBackend-ts\\src\\services\\sheets.service.ts","statementMap":{"0":{"start":{"line":4,"column":13},"end":{"line":4,"column":35}},"1":{"start":{"line":8,"column":37},"end":{"line":8,"column":null}},"2":{"start":{"line":9,"column":4},"end":{"line":10,"column":null}},"3":{"start":{"line":10,"column":6},"end":{"line":10,"column":null}},"4":{"start":{"line":12,"column":4},"end":{"line":12,"column":null}}},"fnMap":{"0":{"name":"(anonymous_0)","decl":{"start":{"line":7,"column":8},"end":{"line":7,"column":19}},"loc":{"start":{"line":7,"column":58},"end":{"line":12,"column":null}},"line":7}},"branchMap":{"0":{"loc":{"start":{"line":9,"column":4},"end":{"line":10,"column":null}},"type":"if","locations":[{"start":{"line":9,"column":4},"end":{"line":10,"column":null}},{"start":{},"end":{}}],"line":9},"1":{"loc":{"start":{"line":9,"column":8},"end":{"line":9,"column":37}},"type":"binary-expr","locations":[{"start":{"line":9,"column":8},"end":{"line":9,"column":17}},{"start":{"line":9,"column":17},"end":{"line":9,"column":27}},{"start":{"line":9,"column":27},"end":{"line":9,"column":37}}],"line":9}},"s":{"0":0,"1":0,"2":0,"3":0,"4":0},"f":{"0":0},"b":{"0":[0,0],"1":[0,0,0]},"meta":{"lastBranch":2,"lastFunction":1,"lastStatement":5,"seen":{"s:4:13:4:35":0,"f:7:8:7:19":0,"s:8:37:8:Infinity":1,"b:9:4:10:Infinity:undefined:undefined:undefined:undefined":0,"s:9:4:10:Infinity":2,"b:9:8:9:17:9:17:9:27:9:27:9:37":1,"s:10:6:10:Infinity":3,"s:12:4:12:Infinity":4}}}
,"C:\\Users\\kanaka\\Downloads\\DSAVisualizationBackend-ts\\DSAVisualizationBackend-ts\\src\\services\\shortestpath.service.ts": {"path":"C:\\Users\\kanaka\\Downloads\\DSAVisualizationBackend-ts\\DSAVisualizationBackend-ts\\src\\services\\shortestpath.service.ts","statementMap":{"0":{"start":{"line":4,"column":13},"end":{"line":4,"column":41}},"1":{"start":{"line":8,"column":4},"end":{"line":8,"column":null}},"2":{"start":{"line":8,"column":35},"end":{"line":8,"column":null}},"3":{"start":{"line":10,"column":33},"end":{"line":10,"column":null}},"4":{"start":{"line":12,"column":4},"end":{"line":12,"column":null}},"5":{"start":{"line":12,"column":34},"end":{"line":12,"column":null}},"6":{"start":{"line":13,"column":4},"end":{"line":13,"column":null}},"7":{"start":{"line":22,"column":4},"end":{"line":22,"column":null}},"8":{"start":{"line":22,"column":35},"end":{"line":22,"column":null}},"9":{"start":{"line":24,"column":33},"end":{"line":24,"column":null}},"10":{"start":{"line":26,"column":6},"end":{"line":28,"column":28}},"11":{"start":{"line":30,"column":4},"end":{"line":30,"column":null}},"12":{"start":{"line":30,"column":34},"end":{"line":30,"column":null}},"13":{"start":{"line":31,"column":4},"end":{"line":31,"column":null}}},"fnMap":{"0":{"name":"(anonymous_0)","decl":{"start":{"line":7,"column":2},"end":{"line":7,"column":11}},"loc":{"start":{"line":7,"column":73},"end":{"line":13,"column":null}},"line":7},"1":{"name":"(anonymous_1)","decl":{"start":{"line":16,"column":2},"end":{"line":16,"column":null}},"loc":{"start":{"line":21,"column":4},"end":{"line":31,"column":null}},"line":21}},"branchMap":{"0":{"loc":{"start":{"line":8,"column":4},"end":{"line":8,"column":null}},"type":"if","locations":[{"start":{"line":8,"column":4},"end":{"line":8,"column":null}},{"start":{},"end":{}}],"line":8},"1":{"loc":{"start":{"line":8,"column":8},"end":{"line":8,"column":35}},"type":"binary-expr","locations":[{"start":{"line":8,"column":8},"end":{"line":8,"column":19}},{"start":{"line":8,"column":19},"end":{"line":8,"column":29}},{"start":{"line":8,"column":29},"end":{"line":8,"column":35}}],"line":8},"2":{"loc":{"start":{"line":10,"column":33},"end":{"line":10,"column":null}},"type":"cond-expr","locations":[{"start":{"line":10,"column":62},"end":{"line":10,"column":80}},{"start":{"line":10,"column":83},"end":{"line":10,"column":null}}],"line":10},"3":{"loc":{"start":{"line":12,"column":4},"end":{"line":12,"column":null}},"type":"if","locations":[{"start":{"line":12,"column":4},"end":{"line":12,"column":null}},{"start":{},"end":{}}],"line":12},"4":{"loc":{"start":{"line":12,"column":8},"end":{"line":12,"column":34}},"type":"binary-expr","locations":[{"start":{"line":12,"column":8},"end":{"line":12,"column":23}},{"start":{"line":12,"column":23},"end":{"line":12,"column":34}}],"line":12},"5":{"loc":{"start":{"line":22,"column":4},"end":{"line":22,"column":null}},"type":"if","locations":[{"start":{"line":22,"column":4},"end":{"line":22,"column":null}},{"start":{},"end":{}}],"line":22},"6":{"loc":{"start":{"line":22,"column":8},"end":{"line":22,"column":35}},"type":"binary-expr","locations":[{"start":{"line":22,"column":8},"end":{"line":22,"column":19}},{"start":{"line":22,"column":19},"end":{"line":22,"column":29}},{"start":{"line":22,"column":29},"end":{"line":22,"column":35}}],"line":22},"7":{"loc":{"start":{"line":24,"column":33},"end":{"line":24,"column":null}},"type":"cond-expr","locations":[{"start":{"line":24,"column":62},"end":{"line":24,"column":80}},{"start":{"line":24,"column":83},"end":{"line":24,"column":null}}],"line":24},"8":{"loc":{"start":{"line":26,"column":6},"end":{"line":28,"column":28}},"type":"cond-expr","locations":[{"start":{"line":27,"column":10},"end":{"line":27,"column":34}},{"start":{"line":28,"column":10},"end":{"line":28,"column":28}}],"line":26},"9":{"loc":{"start":{"line":28,"column":10},"end":{"line":28,"column":28}},"type":"binary-expr","locations":[{"start":{"line":28,"column":10},"end":{"line":28,"column":26}},{"start":{"line":28,"column":26},"end":{"line":28,"column":28}}],"line":28},"10":{"loc":{"start":{"line":30,"column":4},"end":{"line":30,"column":null}},"type":"if","locations":[{"start":{"line":30,"column":4},"end":{"line":30,"column":null}},{"start":{},"end":{}}],"line":30},"11":{"loc":{"start":{"line":30,"column":8},"end":{"line":30,"column":34}},"type":"binary-expr","locations":[{"start":{"line":30,"column":8},"end":{"line":30,"column":23}},{"start":{"line":30,"column":23},"end":{"line":30,"column":34}}],"line":30}},"s":{"0":1,"1":4,"2":1,"3":3,"4":4,"5":1,"6":2,"7":3,"8":0,"9":3,"10":3,"11":3,"12":0,"13":2},"f":{"0":4,"1":3},"b":{"0":[1,3],"1":[4,3,3],"2":[1,2],"3":[1,3],"4":[4,2],"5":[0,3],"6":[3,3,3],"7":[2,1],"8":[1,1],"9":[1,1],"10":[0,3],"11":[3,2]},"meta":{"lastBranch":12,"lastFunction":2,"lastStatement":14,"seen":{"s:4:13:4:41":0,"f:7:2:7:11":0,"b:8:4:8:Infinity:undefined:undefined:undefined:undefined":0,"s:8:4:8:Infinity":1,"b:8:8:8:19:8:19:8:29:8:29:8:35":1,"s:8:35:8:Infinity":2,"s:10:33:10:Infinity":3,"b:10:62:10:80:10:83:10:Infinity":2,"b:12:4:12:Infinity:undefined:undefined:undefined:undefined":3,"s:12:4:12:Infinity":4,"b:12:8:12:23:12:23:12:34":4,"s:12:34:12:Infinity":5,"s:13:4:13:Infinity":6,"f:16:2:16:Infinity":1,"b:22:4:22:Infinity:undefined:undefined:undefined:undefined":5,"s:22:4:22:Infinity":7,"b:22:8:22:19:22:19:22:29:22:29:22:35":6,"s:22:35:22:Infinity":8,"s:24:33:24:Infinity":9,"b:24:62:24:80:24:83:24:Infinity":7,"s:26:6:28:28":10,"b:27:10:27:34:28:10:28:28":8,"b:28:10:28:26:28:26:28:28":9,"b:30:4:30:Infinity:undefined:undefined:undefined:undefined":10,"s:30:4:30:Infinity":11,"b:30:8:30:23:30:23:30:34":11,"s:30:34:30:Infinity":12,"s:31:4:31:Infinity":13}}}
,"C:\\Users\\kanaka\\Downloads\\DSAVisualizationBackend-ts\\DSAVisualizationBackend-ts\\src\\services\\sorting.service.ts": {"path":"C:\\Users\\kanaka\\Downloads\\DSAVisualizationBackend-ts\\DSAVisualizationBackend-ts\\src\\services\\sorting.service.ts","statementMap":{"0":{"start":{"line":3,"column":13},"end":{"line":3,"column":36}},"1":{"start":{"line":7,"column":26},"end":{"line":7,"column":41}},"2":{"start":{"line":8,"column":4},"end":{"line":8,"column":null}},"3":{"start":{"line":12,"column":26},"end":{"line":12,"column":41}},"4":{"start":{"line":13,"column":4},"end":{"line":13,"column":null}},"5":{"start":{"line":17,"column":26},"end":{"line":17,"column":41}},"6":{"start":{"line":18,"column":4},"end":{"line":18,"column":null}},"7":{"start":{"line":22,"column":26},"end":{"line":22,"column":41}},"8":{"start":{"line":23,"column":4},"end":{"line":23,"column":null}},"9":{"start":{"line":27,"column":26},"end":{"line":27,"column":41}},"10":{"start":{"line":28,"column":4},"end":{"line":28,"column":null}},"11":{"start":{"line":32,"column":26},"end":{"line":32,"column":41}},"12":{"start":{"line":33,"column":4},"end":{"line":33,"column":null}}},"fnMap":{"0":{"name":"(anonymous_0)","decl":{"start":{"line":6,"column":2},"end":{"line":6,"column":13}},"loc":{"start":{"line":6,"column":26},"end":{"line":8,"column":null}},"line":6},"1":{"name":"(anonymous_1)","decl":{"start":{"line":11,"column":2},"end":{"line":11,"column":16}},"loc":{"start":{"line":11,"column":29},"end":{"line":13,"column":null}},"line":11},"2":{"name":"(anonymous_2)","decl":{"start":{"line":16,"column":2},"end":{"line":16,"column":16}},"loc":{"start":{"line":16,"column":29},"end":{"line":18,"column":null}},"line":16},"3":{"name":"(anonymous_3)","decl":{"start":{"line":21,"column":2},"end":{"line":21,"column":12}},"loc":{"start":{"line":21,"column":25},"end":{"line":23,"column":null}},"line":21},"4":{"name":"(anonymous_4)","decl":{"start":{"line":26,"column":2},"end":{"line":26,"column":12}},"loc":{"start":{"line":26,"column":25},"end":{"line":28,"column":null}},"line":26},"5":{"name":"(anonymous_5)","decl":{"start":{"line":31,"column":2},"end":{"line":31,"column":11}},"loc":{"start":{"line":31,"column":24},"end":{"line":33,"column":null}},"line":31}},"branchMap":{},"s":{"0":1,"1":2,"2":2,"3":2,"4":2,"5":2,"6":2,"7":2,"8":2,"9":2,"10":2,"11":2,"12":2},"f":{"0":2,"1":2,"2":2,"3":2,"4":2,"5":2},"b":{},"meta":{"lastBranch":0,"lastFunction":6,"lastStatement":13,"seen":{"s:3:13:3:36":0,"f:6:2:6:13":0,"s:7:26:7:41":1,"s:8:4:8:Infinity":2,"f:11:2:11:16":1,"s:12:26:12:41":3,"s:13:4:13:Infinity":4,"f:16:2:16:16":2,"s:17:26:17:41":5,"s:18:4:18:Infinity":6,"f:21:2:21:12":3,"s:22:26:22:41":7,"s:23:4:23:Infinity":8,"f:26:2:26:12":4,"s:27:26:27:41":9,"s:28:4:28:Infinity":10,"f:31:2:31:11":5,"s:32:26:32:41":11,"s:33:4:33:Infinity":12}}}
,"C:\\Users\\kanaka\\Downloads\\DSAVisualizationBackend-ts\\DSAVisualizationBackend-ts\\src\\services\\stack.service.ts": {"path":"C:\\Users\\kanaka\\Downloads\\DSAVisualizationBackend-ts\\DSAVisualizationBackend-ts\\src\\services\\stack.service.ts","statementMap":{"0":{"start":{"line":3,"column":13},"end":{"line":3,"column":34}},"1":{"start":{"line":7,"column":4},"end":{"line":7,"column":null}},"2":{"start":{"line":11,"column":4},"end":{"line":12,"column":null}},"3":{"start":{"line":12,"column":6},"end":{"line":12,"column":null}},"4":{"start":{"line":14,"column":4},"end":{"line":14,"column":null}}},"fnMap":{"0":{"name":"(anonymous_0)","decl":{"start":{"line":6,"column":2},"end":{"line":6,"column":7}},"loc":{"start":{"line":6,"column":42},"end":{"line":7,"column":null}},"line":6},"1":{"name":"(anonymous_1)","decl":{"start":{"line":10,"column":2},"end":{"line":10,"column":6}},"loc":{"start":{"line":10,"column":41},"end":{"line":14,"column":null}},"line":10}},"branchMap":{"0":{"loc":{"start":{"line":11,"column":4},"end":{"line":12,"column":null}},"type":"if","locations":[{"start":{"line":11,"column":4},"end":{"line":12,"column":null}},{"start":{},"end":{}}],"line":11},"1":{"loc":{"start":{"line":11,"column":8},"end":{"line":11,"column":63}},"type":"binary-expr","locations":[{"start":{"line":11,"column":8},"end":{"line":11,"column":29}},{"start":{"line":11,"column":33},"end":{"line":11,"column":63}}],"line":11}},"s":{"0":1,"1":1,"2":2,"3":1,"4":1},"f":{"0":1,"1":2},"b":{"0":[1,1],"1":[2,1]},"meta":{"lastBranch":2,"lastFunction":2,"lastStatement":5,"seen":{"s:3:13:3:34":0,"f:6:2:6:7":0,"s:7:4:7:Infinity":1,"f:10:2:10:6":1,"b:11:4:12:Infinity:undefined:undefined:undefined:undefined":0,"s:11:4:12:Infinity":2,"b:11:8:11:29:11:33:11:63":1,"s:12:6:12:Infinity":3,"s:14:4:14:Infinity":4}}}
,"C:\\Users\\kanaka\\Downloads\\DSAVisualizationBackend-ts\\DSAVisualizationBackend-ts\\src\\services\\tree.service.ts": {"path":"C:\\Users\\kanaka\\Downloads\\DSAVisualizationBackend-ts\\DSAVisualizationBackend-ts\\src\\services\\tree.service.ts","statementMap":{"0":{"start":{"line":4,"column":13},"end":{"line":4,"column":33}},"1":{"start":{"line":8,"column":4},"end":{"line":8,"column":null}},"2":{"start":{"line":8,"column":41},"end":{"line":8,"column":null}},"3":{"start":{"line":12,"column":4},"end":{"line":12,"column":null}},"4":{"start":{"line":13,"column":4},"end":{"line":13,"column":null}},"5":{"start":{"line":17,"column":4},"end":{"line":17,"column":null}},"6":{"start":{"line":18,"column":4},"end":{"line":18,"column":null}},"7":{"start":{"line":22,"column":4},"end":{"line":22,"column":null}},"8":{"start":{"line":23,"column":4},"end":{"line":23,"column":null}}},"fnMap":{"0":{"name":"(anonymous_0)","decl":{"start":{"line":7,"column":2},"end":{"line":7,"column":10}},"loc":{"start":{"line":7,"column":61},"end":{"line":8,"column":null}},"line":7},"1":{"name":"(anonymous_1)","decl":{"start":{"line":11,"column":2},"end":{"line":11,"column":10}},"loc":{"start":{"line":11,"column":24},"end":{"line":13,"column":null}},"line":11},"2":{"name":"(anonymous_2)","decl":{"start":{"line":16,"column":2},"end":{"line":16,"column":11}},"loc":{"start":{"line":16,"column":25},"end":{"line":18,"column":null}},"line":16},"3":{"name":"(anonymous_3)","decl":{"start":{"line":21,"column":2},"end":{"line":21,"column":12}},"loc":{"start":{"line":21,"column":26},"end":{"line":23,"column":null}},"line":21}},"branchMap":{"0":{"loc":{"start":{"line":8,"column":4},"end":{"line":8,"column":null}},"type":"if","locations":[{"start":{"line":8,"column":4},"end":{"line":8,"column":null}},{"start":{},"end":{}}],"line":8},"1":{"loc":{"start":{"line":8,"column":8},"end":{"line":8,"column":41}},"type":"binary-expr","locations":[{"start":{"line":8,"column":8},"end":{"line":8,"column":16}},{"start":{"line":8,"column":16},"end":{"line":8,"column":41}}],"line":8}},"s":{"0":1,"1":6,"2":3,"3":2,"4":2,"5":2,"6":2,"7":2,"8":2},"f":{"0":6,"1":2,"2":2,"3":2},"b":{"0":[3,3],"1":[6,4]},"meta":{"lastBranch":2,"lastFunction":4,"lastStatement":9,"seen":{"s:4:13:4:33":0,"f:7:2:7:10":0,"b:8:4:8:Infinity:undefined:undefined:undefined:undefined":0,"s:8:4:8:Infinity":1,"b:8:8:8:16:8:16:8:41":1,"s:8:41:8:Infinity":2,"f:11:2:11:10":1,"s:12:4:12:Infinity":3,"s:13:4:13:Infinity":4,"f:16:2:16:11":2,"s:17:4:17:Infinity":5,"s:18:4:18:Infinity":6,"f:21:2:21:12":3,"s:22:4:22:Infinity":7,"s:23:4:23:Infinity":8}}}
}
